404 GET /favicon.ico (127.0.0.1) 0.53ms
404 GET /favicon.ico (127.0.0.1) 0.46ms
404 GET /favicon.ico (127.0.0.1) 0.58ms
404 GET /favicon.ico (127.0.0.1) 0.43ms
404 GET /favicon.ico (127.0.0.1) 0.54ms
服务器启动在 http://localhost:8888
新玩家连接
收到消息: {"action":"create_room","deck_count":1}
创建房间成功: 6336
新玩家连接
收到消息: {"action":"join_room","room_id":"6336"}
尝试加入房间: 6336
玩家成功加入房间 6336, 当前玩家数: 1
新玩家连接
收到消息: {"action":"join_room","room_id":"6336"}
尝试加入房间: 6336
玩家成功加入房间 6336, 当前玩家数: 2
收到消息: {"action":"start_game"}
初始化了 54 张牌
新玩家连接
收到消息: {"action":"join_room","room_id":"111"}
尝试加入房间: 111
加入房间失败: 房间 111 不存在
新玩家连接
收到消息: {"action":"join_room","room_id":"111"}
尝试加入房间: 111
加入房间失败: 房间 111 不存在
新玩家连接
收到消息: {"action":"create_room","deck_count":1}
创建房间成功: 2196
新玩家连接
收到消息: {"action":"join_room","room_id":"2196"}
尝试加入房间: 2196
玩家成功加入房间 2196, 当前玩家数: 1
新玩家连接
收到消息: {"action":"join_room","room_id":"2196"}
尝试加入房间: 2196
玩家成功加入房间 2196, 当前玩家数: 2
新玩家连接
收到消息: {"action":"join_room","room_id":"2196"}
尝试加入房间: 2196
玩家成功加入房间 2196, 当前玩家数: 3
新玩家连接
收到消息: {"action":"join_room","room_id":"2196"}
尝试加入房间: 2196
玩家成功加入房间 2196, 当前玩家数: 4
新玩家连接
收到消息: {"action":"join_room","room_id":"2196"}
尝试加入房间: 2196
玩家成功加入房间 2196, 当前玩家数: 5
收到消息: {"action":"start_game"}
初始化了 54 张牌
收到消息: {"action":"play_cards","cards":["♥4","♠5","♦6","♣7"]}
last_cards: [], cards: ['♥4', '♠5', '♦6', '♣7']
收到消息: {"action":"play_cards","cards":["♠7","♣8","♦9","♥10"]}
last_cards: ['♥4', '♠5', '♦6', '♣7'], cards: ['♠7', '♣8', '♦9', '♥10']
new_pattern: dragon, new_value: 9, last_pattern: dragon, last_value: 6
收到消息: {"action":"change_name","name":"菌哥"}
收到消息: {"action":"change_name","name":"快手雷细菌"}
收到消息: {"action":"pass"}
收到消息: {"action":"pass"}
收到消息: {"action":"pass"}
收到消息: {"action":"pass"}
收到消息: {"action":"play_cards","cards":["♣4","♦5","♥6"]}
last_cards: [], cards: ['♣4', '♦5', '♥6']
收到消息: {"action":"pass"}
收到消息: {"action":"pass"}
收到消息: {"action":"play_cards","cards":["♦7","♠8","♣9"]}
last_cards: ['♣4', '♦5', '♥6'], cards: ['♦7', '♠8', '♣9']
new_pattern: dragon, new_value: 8, last_pattern: dragon, last_value: 5
收到消息: {"action":"pass"}
收到消息: {"action":"pass"}
收到消息: {"action":"play_cards","cards":["♦4","♣5","♣6","♥7"]}
last_cards: [], cards: ['♦4', '♣5', '♣6', '♥7']
收到消息: {"action":"pass"}
收到消息: {"action":"pass"}
收到消息: {"action":"play_cards","cards":["♣10","♣J","♠Q","♥K"]}
last_cards: ['♦4', '♣5', '♣6', '♥7'], cards: ['♣10', '♣J', '♠Q', '♥K']
new_pattern: dragon, new_value: 12, last_pattern: dragon, last_value: 6
收到消息: {"action":"play_cards","cards":["♣A","♥A","♦A"]}
last_cards: ['♣10', '♣J', '♠Q', '♥K'], cards: ['♣A', '♥A', '♦A']
values: ['A', 'A', 'A'], values[0]: A, CardPattern.get_card_value(values[0]): 13
new_pattern: triple, new_value: 213, last_pattern: dragon, last_value: 12
收到消息: {"action":"pass"}
收到消息: {"action":"pass"}
收到消息: {"action":"pass"}
收到消息: {"action":"pass"}
收到消息: {"action":"play_cards","cards":["♥8","♦8"]}
last_cards: [], cards: ['♥8', '♦8']
收到消息: {"action":"pass"}
收到消息: {"action":"pass"}
收到消息: {"action":"pass"}
收到消息: {"action":"play_cards","cards":["♠9","♥9"]}
last_cards: ['♥8', '♦8'], cards: ['♠9', '♥9']
new_pattern: pair, new_value: 8, last_pattern: pair, last_value: 7
收到消息: {"action":"change_name","name":"六六大王"}
收到消息: {"action":"play_cards","cards":["♥J","♦J"]}
last_cards: ['♠9', '♥9'], cards: ['♥J', '♦J']
new_pattern: pair, new_value: 10, last_pattern: pair, last_value: 8
收到消息: {"action":"pass"}
收到消息: {"action":"play_cards","cards":["♠2","♥2"]}
last_cards: ['♥J', '♦J'], cards: ['♠2', '♥2']
new_pattern: pair, new_value: 14, last_pattern: pair, last_value: 10
收到消息: {"action":"pass"}
收到消息: {"action":"pass"}
收到消息: {"action":"pass"}
收到消息: {"action":"play_cards","cards":["♥Q"]}
last_cards: [], cards: ['♥Q']
收到消息: {"action":"play_cards","cards":["♣K"]}
last_cards: ['♥Q'], cards: ['♣K']
new_pattern: single, new_value: 12, last_pattern: single, last_value: 11
收到消息: {"action":"play_cards","cards":["小王"]}
last_cards: ['♣K'], cards: ['小王']
new_pattern: single, new_value: 16, last_pattern: single, last_value: 12
收到消息: {"action":"play_cards","cards":["♦10"]}
last_cards: ['小王'], cards: ['♦10']
new_pattern: single, new_value: 9, last_pattern: single, last_value: 16
收到消息: {"action":"play_cards","cards":["♦10"]}
last_cards: ['小王'], cards: ['♦10']
new_pattern: single, new_value: 9, last_pattern: single, last_value: 16
收到消息: {"action":"play_cards","cards":["♦10"]}
last_cards: ['小王'], cards: ['♦10']
new_pattern: single, new_value: 9, last_pattern: single, last_value: 16
收到消息: {"action":"pass"}
收到消息: {"action":"pass"}
收到消息: {"action":"pass"}
收到消息: {"action":"pass"}
收到消息: {"action":"play_cards","cards":["♥5"]}
last_cards: [], cards: ['♥5']
收到消息: {"action":"play_cards","cards":["♦10"]}
last_cards: ['♥5'], cards: ['♦10']
new_pattern: single, new_value: 9, last_pattern: single, last_value: 4
收到消息: {"action":"pass"}
收到消息: {"action":"play_cards","cards":["♣3"]}
last_cards: ['♦10'], cards: ['♣3']
new_pattern: single, new_value: 15, last_pattern: single, last_value: 9
收到消息: {"action":"pass"}
收到消息: {"action":"play_cards","cards":["♠6"]}
last_cards: ['♣3'], cards: ['♠6']
new_pattern: single, new_value: 5, last_pattern: single, last_value: 15
收到消息: {"action":"play_cards","cards":["♠6"]}
last_cards: ['♣3'], cards: ['♠6']
new_pattern: single, new_value: 5, last_pattern: single, last_value: 15
收到消息: {"action":"play_cards","cards":["♠6"]}
last_cards: ['♣3'], cards: ['♠6']
new_pattern: single, new_value: 5, last_pattern: single, last_value: 15
收到消息: {"action":"play_cards","cards":["♠6"]}
last_cards: ['♣3'], cards: ['♠6']
new_pattern: single, new_value: 5, last_pattern: single, last_value: 15
收到消息: {"action":"pass"}
收到消息: {"action":"play_cards","cards":["♣Q"]}
last_cards: ['♣3'], cards: ['♣Q']
new_pattern: single, new_value: 11, last_pattern: single, last_value: 15
收到消息: {"action":"play_cards","cards":["♣Q"]}
last_cards: ['♣3'], cards: ['♣Q']
new_pattern: single, new_value: 11, last_pattern: single, last_value: 15
收到消息: {"action":"pass"}
收到消息: {"action":"play_cards","cards":["♠3"]}
last_cards: [], cards: ['♠3']
收到消息: {"action":"pass"}
收到消息: {"action":"pass"}
收到消息: {"action":"play_cards","cards":["♣Q"]}
last_cards: ['♠3'], cards: ['♣Q']
new_pattern: single, new_value: 11, last_pattern: single, last_value: 15
收到消息: {"action":"pass"}
收到消息: {"action":"pass"}
收到消息: {"action":"play_cards","cards":["♠A"]}
last_cards: [], cards: ['♠A']
收到消息: {"action":"pass"}
收到消息: {"action":"play_cards","cards":["♣2"]}
last_cards: ['♠A'], cards: ['♣2']
new_pattern: single, new_value: 14, last_pattern: single, last_value: 13
收到消息: {"action":"pass"}
收到消息: {"action":"play_cards","cards":["♦2"]}
last_cards: ['♣2'], cards: ['♦2']
new_pattern: single, new_value: 14, last_pattern: single, last_value: 14
收到消息: {"action":"play_cards","cards":["♦2"]}
last_cards: ['♣2'], cards: ['♦2']
new_pattern: single, new_value: 14, last_pattern: single, last_value: 14
收到消息: {"action":"play_cards","cards":["♦2"]}
405 CONNECT 45.61.137.126:7227 (94.103.125.176) 0.36ms
Killed
Killed
404 GET /favicon.ico (127.0.0.1) 0.38ms
405 CONNECT 193.149.189.126:7227 (94.156.167.83) 0.45ms
404 GET /wp-admin/setup-config.php?step=1 (127.0.0.1) 0.52ms
404 GET /wordpress/wp-admin/setup-config.php?step=1 (127.0.0.1) 0.47ms
